C:\Program Files\Microsoft Visual Studio\2022\Enterprise\MSBuild\Microsoft\VC\v170\Microsoft.CppBuild.targets(534,5): warning MSB8028: The intermediate directory (Debug\) contains files shared from another project (Win32SimpleSample.vcxproj).  This can lead to incorrect clean and rebuild behavior.
  Game.cpp
D:\LocalWorkDir\2203858\tools\WFFC-Edit-Tools405\WOFFCEdit\Game.cpp(272,57): warning C4244: 'argument': conversion from 'double' to 'float', possible loss of data
D:\LocalWorkDir\2203858\tools\WFFC-Edit-Tools405\WOFFCEdit\Game.cpp(271,57): warning C4244: 'argument': conversion from 'double' to 'float', possible loss of data
D:\LocalWorkDir\2203858\tools\WFFC-Edit-Tools405\WOFFCEdit\Game.cpp(270,97): warning C4244: 'argument': conversion from 'double' to 'float', possible loss of data
D:\LocalWorkDir\2203858\tools\WFFC-Edit-Tools405\WOFFCEdit\Game.cpp(256,10): warning C4101: 'Buffer': unreferenced local variable
D:\LocalWorkDir\2203858\tools\WFFC-Edit-Tools405\WOFFCEdit\Game.cpp(304,83): warning C4244: 'argument': conversion from 'int' to 'float', possible loss of data
D:\LocalWorkDir\2203858\tools\WFFC-Edit-Tools405\WOFFCEdit\Game.cpp(304,57): warning C4244: 'argument': conversion from 'int' to 'float', possible loss of data
D:\LocalWorkDir\2203858\tools\WFFC-Edit-Tools405\WOFFCEdit\Game.cpp(305,82): warning C4244: 'argument': conversion from 'int' to 'float', possible loss of data
D:\LocalWorkDir\2203858\tools\WFFC-Edit-Tools405\WOFFCEdit\Game.cpp(305,56): warning C4244: 'argument': conversion from 'int' to 'float', possible loss of data
D:\LocalWorkDir\2203858\tools\WFFC-Edit-Tools405\WOFFCEdit\Game.cpp(308,20): warning C4018: '<': signed/unsigned mismatch
D:\LocalWorkDir\2203858\tools\WFFC-Edit-Tools405\WOFFCEdit\Game.cpp(316,46): warning C4244: 'argument': conversion from 'double' to 'float', possible loss of data
D:\LocalWorkDir\2203858\tools\WFFC-Edit-Tools405\WOFFCEdit\Game.cpp(315,147): warning C4244: 'argument': conversion from 'double' to 'float', possible loss of data
D:\LocalWorkDir\2203858\tools\WFFC-Edit-Tools405\WOFFCEdit\Game.cpp(315,98): warning C4244: 'argument': conversion from 'double' to 'float', possible loss of data
D:\LocalWorkDir\2203858\tools\WFFC-Edit-Tools405\WOFFCEdit\Game.cpp(322,111): warning C4244: 'argument': conversion from 'LONG' to 'float', possible loss of data
D:\LocalWorkDir\2203858\tools\WFFC-Edit-Tools405\WOFFCEdit\Game.cpp(322,85): warning C4244: 'argument': conversion from 'LONG' to 'float', possible loss of data
D:\LocalWorkDir\2203858\tools\WFFC-Edit-Tools405\WOFFCEdit\Game.cpp(324,109): warning C4244: 'argument': conversion from 'LONG' to 'float', possible loss of data
D:\LocalWorkDir\2203858\tools\WFFC-Edit-Tools405\WOFFCEdit\Game.cpp(324,83): warning C4244: 'argument': conversion from 'LONG' to 'float', possible loss of data
D:\LocalWorkDir\2203858\tools\WFFC-Edit-Tools405\WOFFCEdit\Game.cpp(331,21): warning C4018: '<': signed/unsigned mismatch
  Win32SimpleSample.vcxproj -> D:\LocalWorkDir\2203858\tools\WFFC-Edit-Tools405\WOFFCEdit\Debug\WoFEdit.exe
